Added Pin To Net: NetName=GND Pin=J?-5
Added Pin To Net: NetName=3V3 Pin=J?-6
Added Pin To Net: NetName=3V3 Pin=J?-7
Added Pin To Net: NetName=GND Pin=J?-16
Added Pin To Net: NetName=GND Pin=J?-17
Added Pin To Net: NetName=GND Pin=J?-18
Added Pin To Net: NetName=GND Pin=J?-19
Added Pin To Net: NetName=GND Pin=J?-20
Added Pin To Net: NetName=GND Pin=J?-21
Added Pin To Net: NetName=GND Pin=J?-22
Added Pin To Net: NetName=GND Pin=J?-23
Added Pin To Net: NetName=GND Pin=J?-24
Added Pin To Net: NetName=GND Pin=J?-25
Added Pin To Net: NetName=GND Pin=J?-26
Added Pin To Net: NetName=GND Pin=J?-27
Added Pin To Net: NetName=GND Pin=J?-28
Added Pin To Net: NetName=GND Pin=J?-29
Added Pin To Net: NetName=GND Pin=J?-30
Added Pin To Net: NetName=GND Pin=J?-31
Added Pin To Net: NetName=GND Pin=J?-32
Added Pin To Net: NetName=3V3 Pin=J?-33
Added Pin To Net: NetName=GND Pin=J?-34
Added Pin To Net: NetName=GND Pin=J?-35
Added Pin To Net: NetName=GND Pin=J?-36
Added Pin To Net: NetName=GND Pin=J?-37
Added Pin To Net: NetName=GND Pin=J?-38
Added Pin To Net: NetName=3V3 Pin=J?-39
Added Pin To Net: NetName=3V3 Pin=J?-40
Added Pin To Net: NetName=NetJ?_1 Pin=J?-1
Added Net: Name=NetJ?_1
Added Pin To Net: NetName=NetJ?_2 Pin=J?-2
Added Net: Name=NetJ?_2
Added Pin To Net: NetName=NetJ?_3 Pin=J?-3
Added Net: Name=NetJ?_3
Added Pin To Net: NetName=NetJ?_4 Pin=J?-4
Added Net: Name=NetJ?_4
Added Pin To Net: NetName=NetJ?_9 Pin=J?-9
Added Net: Name=NetJ?_9
Added Pin To Net: NetName=NetJ?_10 Pin=J?-10
Added Net: Name=NetJ?_10
Added Pin To Net: NetName=NetJ?_11 Pin=J?-11
Added Net: Name=NetJ?_11
Added Pin To Net: NetName=NetJ?_13 Pin=J?-13
Added Net: Name=NetJ?_13
Added Pin To Net: NetName=NetJ?_15 Pin=J?-15
Added Net: Name=NetJ?_15
Added Member To Class: ClassName=Components Member=Component J? TYPE-C-31-M-12
Added Member To Class: ClassName=Components Member=Component R? 0R2J
Added Room: Name=Components
