Removed Member From Class: ClassName=Components Member=P?
Change Component Designator: OldDesignator=Q? NewDesignator=Q1
Change Component Designator: OldDesignator=R? NewDesignator=R5
Added Component: Designator=P1(HDR1X9)
Add component (AddParameter): Name = "LatestRevisionDate"; Value = "17-Jul-2002"; VariantName = "[No Variations]"
Add component (AddParameter): Name = "LatestRevisionNote"; Value = "Re-released for DXP Platform."; VariantName = "[No Variations]"
Add component (AddParameter): Name = "Publisher"; Value = "Altium Limited"; VariantName = "[No Variations]"
Added Component: Designator=P2(HDR1X9)
Add component (AddParameter): Name = "LatestRevisionDate"; Value = "17-Jul-2002"; VariantName = "[No Variations]"
Add component (AddParameter): Name = "LatestRevisionNote"; Value = "Re-released for DXP Platform."; VariantName = "[No Variations]"
Add component (AddParameter): Name = "Publisher"; Value = "Altium Limited"; VariantName = "[No Variations]"
Added Pin To Net: NetName=GND Pin=P1-1
Added Pin To Net: NetName=3V3 Pin=P1-2
Added Pin To Net: NetName=GND Pin=P2-1
Added Pin To Net: NetName=3V3 Pin=P2-2
Change Net Name : Old Net Name=NetQ?_1 New Net Name=NetQ1_1
Added Pin To Net: NetName=NetU*1_38 Pin=U*1-38
Added Net: Name=NetU*1_38
Added Pin To Net: NetName=NetU*1_39 Pin=U*1-39
Added Net: Name=NetU*1_39
Added Pin To Net: NetName=NetU*1_40 Pin=U*1-40
Added Net: Name=NetU*1_40
Added Pin To Net: NetName=NetU*1_41 Pin=U*1-41
Added Net: Name=NetU*1_41
Added Pin To Net: NetName=NetU*1_42 Pin=U*1-42
Added Net: Name=NetU*1_42
Added Pin To Net: NetName=NetU*1_51 Pin=U*1-51
Added Net: Name=NetU*1_51
Added Pin To Net: NetName=NetU*1_52 Pin=U*1-52
Added Net: Name=NetU*1_52
Added Member To Class: ClassName=Components Member=Component P1 Header 9
Added Member To Class: ClassName=Components Member=Component P2 Header 9
Added Room: Name=Components
