Removed Pin From Net: NetName=GND Pin=U*1-58
Removed Pin From Net: NetName=GND Pin=U*1-59
Removed Pin From Net: NetName=GND Pin=U*1-60
Removed Pin From Net: NetName=GND Pin=U*1-61
Removed Pin From Net: NetName=GND Pin=U*1-62
Removed Pin From Net: NetName=GND Pin=U*1-63
Removed Pin From Net: NetName=GND Pin=U*1-64
Removed Pin From Net: NetName=GND Pin=U*1-65
Removed Pin From Net: NetName=GND Pin=U*1-66
Removed Pin From Net: NetName=GND Pin=U*1-67
Removed Pin From Net: NetName=GND Pin=U*1-68
Removed Pin From Net: NetName=GND Pin=U*1-69
Added Component: Designator=C16(CAPC0402(1005)60_L)
Add component (AddParameter): Name = "Capacitor Type"; Value = ""; VariantName = "[No Variations]"
Add component (AddParameter): Name = "Case/Package"; Value = "0402"; VariantName = "[No Variations]"
Add component (AddParameter): Name = "Max Operating Temperature"; Value = "85°C"; VariantName = "[No Variations]"
Add component (AddParameter): Name = "Min Operating Temperature"; Value = "-55°C"; VariantName = "[No Variations]"
Add component (AddParameter): Name = "Mounting Technology"; Value = "SMT"; VariantName = "[No Variations]"
Add component (AddParameter): Name = "Pins"; Value = "2"; VariantName = "[No Variations]"
Add component (AddParameter): Name = "Ripple Current"; Value = ""; VariantName = "[No Variations]"
Add component (AddParameter): Name = "Ripple Current (AC)"; Value = ""; VariantName = "[No Variations]"
Add component (AddParameter): Name = "RoHS Compliant"; Value = ""; VariantName = "[No Variations]"
Add component (AddParameter): Name = "Tolerance"; Value = "10%"; VariantName = "[No Variations]"
Add component (AddParameter): Name = "Value"; Value = "1µF"; VariantName = "[No Variations]"
Add component (AddParameter): Name = "Voltage Rating"; Value = "10V"; VariantName = "[No Variations]"
Added Pin To Net: NetName=3V3 Pin=C16-1
Added Pin To Net: NetName=GND Pin=C16-2
Added Member To Class: ClassName=Components Member=Component C16 Capacitor 2,2µF +/-20% 10V 0402
Added Room: Name=Components
