Change Component Designator: OldDesignator=C? NewDesignator=C16
Change Component Designator: OldDesignator=J? NewDesignator=J1
Change Component Designator: OldDesignator=J? NewDesignator=J2
Change Component Designator: OldDesignator=R? NewDesignator=R2
Change Component Designator: OldDesignator=R? NewDesignator=R3
Change Component Designator: OldDesignator=R? NewDesignator=R4
Change Component Designator: OldDesignator=U* NewDesignator=U*1
Change Component Designator: OldDesignator=U? NewDesignator=U1
Change Net Name : Old Net Name=NetJ?_1 New Net Name=NetJ1_1
Change Net Name : Old Net Name=NetJ?_2 New Net Name=NetJ1_2
Change Net Name : Old Net Name=NetJ?_3 New Net Name=NetJ1_3
Change Net Name : Old Net Name=NetJ?_4 New Net Name=NetJ1_4
Change Net Name : Old Net Name=NetJ?_9 New Net Name=NetJ1_9
Change Net Name : Old Net Name=NetJ?_10 New Net Name=NetJ1_10
Change Net Name : Old Net Name=NetJ?_11 New Net Name=NetJ1_11
Change Net Name : Old Net Name=NetJ?_13 New Net Name=NetJ1_13
Change Net Name : Old Net Name=NetJ?_15 New Net Name=NetJ1_15
Change Net Name : Old Net Name=NetJ?_A5 New Net Name=NetJ2_A5
Change Net Name : Old Net Name=NetJ?_A6 New Net Name=NetJ2_A6
Change Net Name : Old Net Name=NetJ?_A7 New Net Name=NetJ2_A7
Change Net Name : Old Net Name=NetJ?_B5 New Net Name=NetJ2_B5
Change Net Name : Old Net Name=NetR?_2 New Net Name=NetR2_2
Added Member To Class: ClassName=Components Member=Component J2 TYPE-C-31-M-12
Added Member To Class: ClassName=Components Member=Component R3 0R2J
Added Room: Name=Components
