Removed Pin From Net: NetName=GND Pin=U*1-58
Removed Pin From Net: NetName=GND Pin=U*1-59
Removed Pin From Net: NetName=GND Pin=U*1-60
Removed Pin From Net: NetName=GND Pin=U*1-61
Removed Pin From Net: NetName=GND Pin=U*1-62
Removed Pin From Net: NetName=GND Pin=U*1-63
Removed Pin From Net: NetName=GND Pin=U*1-64
Removed Pin From Net: NetName=GND Pin=U*1-65
Removed Pin From Net: NetName=GND Pin=U*1-66
Removed Pin From Net: NetName=GND Pin=U*1-67
Removed Pin From Net: NetName=GND Pin=U*1-68
Removed Pin From Net: NetName=GND Pin=U*1-69
Added Pin To Net: NetName=NetP2_3 Pin=P2-3
Added Pin To Net: NetName=NetP2_3 Pin=U*1-51
Added Net: Name=NetP2_3
Added Pin To Net: NetName=NetP2_4 Pin=P2-4
Added Pin To Net: NetName=NetP2_4 Pin=U*1-43
Added Net: Name=NetP2_4
Added Pin To Net: NetName=NetP2_5 Pin=P2-5
Added Pin To Net: NetName=NetP2_5 Pin=U*1-42
Added Net: Name=NetP2_5
Added Pin To Net: NetName=NetP2_6 Pin=P2-6
Added Pin To Net: NetName=NetP2_6 Pin=U*1-41
Added Net: Name=NetP2_6
Added Pin To Net: NetName=NetP2_7 Pin=P2-7
Added Pin To Net: NetName=NetP2_7 Pin=U*1-40
Added Net: Name=NetP2_7
Added Pin To Net: NetName=NetP2_8 Pin=P2-8
Added Pin To Net: NetName=NetP2_8 Pin=U*1-39
Added Net: Name=NetP2_8
Added Pin To Net: NetName=NetP2_9 Pin=P2-9
Added Pin To Net: NetName=NetP2_9 Pin=U*1-38
Added Net: Name=NetP2_9
Added Room: Name=Components
