Removed Pin From Net: NetName=3V3 Pin=C17-1
Removed Pin From Net: NetName=3V3 Pin=J1-33
Removed Pin From Net: NetName=NetP3_10 Pin=Q1-1
Removed Pin From Net: NetName=GND Pin=Q1-2
Removed Pin From Net: NetName=GND Pin=R5-2
Removed Pin From Net: NetName=GND Pin=U*1-58
Removed Pin From Net: NetName=GND Pin=U*1-59
Removed Pin From Net: NetName=GND Pin=U*1-60
Removed Pin From Net: NetName=GND Pin=U*1-61
Removed Pin From Net: NetName=GND Pin=U*1-62
Removed Pin From Net: NetName=GND Pin=U*1-63
Removed Pin From Net: NetName=GND Pin=U*1-64
Removed Pin From Net: NetName=GND Pin=U*1-65
Removed Pin From Net: NetName=GND Pin=U*1-66
Removed Pin From Net: NetName=GND Pin=U*1-67
Removed Pin From Net: NetName=GND Pin=U*1-68
Removed Pin From Net: NetName=GND Pin=U*1-69
Added Pin To Net: NetName=NetC17_1 Pin=C17-1
Added Pin To Net: NetName=NetC17_1 Pin=J1-33
Added Pin To Net: NetName=NetC17_1 Pin=Q1-2
Added Net: Name=NetC17_1
Added Pin To Net: NetName=NetQ1_1 Pin=Q1-1
Added Pin To Net: NetName=NetQ1_1 Pin=R5-2
Added Net: Name=NetQ1_1
Added Member To Class: ClassName=Components Member=Component R5 0R2J
Added Room: Name=Components
