Added Component: Designator=Q?(STM-SOT-23-3_V)
Add component (AddParameter): Name = "ComponentLink1Description"; Value = "Manufacturer URL"; VariantName = "[No Variations]"
Add component (AddParameter): Name = "ComponentLink1URL"; Value = "http://www.st.com/"; VariantName = "[No Variations]"
Add component (AddParameter): Name = "ComponentLink2Description"; Value = "Datasheet"; VariantName = "[No Variations]"
Add component (AddParameter): Name = "ComponentLink2URL"; Value = "http://www.st.com/st-web-ui/static/active/en/resource/technical/document/datasheet/CD00005134.pdf"; VariantName = "[No Variations]"
Add component (AddParameter): Name = "DatasheetVersion"; Value = "Rev. 9, 11/2008"; VariantName = "[No Variations]"
Add component (AddParameter): Name = "Manufacturer"; Value = "STMicroelectronics"; VariantName = "[No Variations]"
Add component (AddParameter): Name = "Mounting Technology"; Value = "Surface Mount"; VariantName = "[No Variations]"
Add component (AddParameter): Name = "PackageDescription"; Value = "3-Pin SOT23, 3.016 x 2.8 mm Body, 0.95 mm Pitch"; VariantName = "[No Variations]"
Add component (AddParameter): Name = "PackageReference"; Value = "SOT-23"; VariantName = "[No Variations]"
Add component (AddParameter): Name = "PartNumber"; Value = "2N7002"; VariantName = "[No Variations]"
Added Component: Designator=R?(RESC0402(1005)_L)
Add component (AddParameter): Name = "Case/Package"; Value = "0402"; VariantName = "[No Variations]"
Add component (AddParameter): Name = "Max Operating Temperature"; Value = ""; VariantName = "[No Variations]"
Add component (AddParameter): Name = "Min Operating Temperature"; Value = ""; VariantName = "[No Variations]"
Add component (AddParameter): Name = "Mounting Technology"; Value = "SMT"; VariantName = "[No Variations]"
Add component (AddParameter): Name = "Pins"; Value = "2"; VariantName = "[No Variations]"
Add component (AddParameter): Name = "Power"; Value = ""; VariantName = "[No Variations]"
Add component (AddParameter): Name = "RoHS Compliant"; Value = ""; VariantName = "[No Variations]"
Add component (AddParameter): Name = "Tolerance"; Value = ""; VariantName = "[No Variations]"
Add component (AddParameter): Name = "Value"; Value = "5k1"; VariantName = "[No Variations]"
Add component (AddParameter): Name = "Voltage Rating"; Value = ""; VariantName = "[No Variations]"
Added Pin To Net: NetName=GND Pin=Q?-2
Added Pin To Net: NetName=3V3 Pin=Q?-3
Added Pin To Net: NetName=GND Pin=R?-2
Added Pin To Net: NetName=NetQ?_1 Pin=Q?-1
Added Pin To Net: NetName=NetQ?_1 Pin=R?-1
Added Pin To Net: NetName=NetQ?_1 Pin=U*1-15
Added Net: Name=NetQ?_1
Added Pin To Net: NetName=NetU*1_16 Pin=U*1-16
Added Net: Name=NetU*1_16
Added Pin To Net: NetName=NetU*1_17 Pin=U*1-17
Added Net: Name=NetU*1_17
Added Pin To Net: NetName=NetU*1_18 Pin=U*1-18
Added Net: Name=NetU*1_18
Added Pin To Net: NetName=NetU*1_19 Pin=U*1-19
Added Net: Name=NetU*1_19
Added Pin To Net: NetName=NetU*1_23 Pin=U*1-23
Added Net: Name=NetU*1_23
Added Pin To Net: NetName=NetU*1_24 Pin=U*1-24
Added Net: Name=NetU*1_24
Added Pin To Net: NetName=NetU*1_27 Pin=U*1-27
Added Net: Name=NetU*1_27
Added Member To Class: ClassName=Components Member=Component P? Header 7
Added Member To Class: ClassName=Components Member=Component Q? 2N7002
Added Member To Class: ClassName=Components Member=Component R? 0R2J
Added Room: Name=Components
